1716851750.473194 client started (26199): version 3.4, socket /private/tmp/tmux-501/default, protocol 8
1716851750.473215 on Darwin 22.6.0 Darwin Kernel Version 22.6.0: Mon Apr 22 20:54:28 PDT 2024; root:xnu-8796.141.3.705.2~1/RELEASE_X86_64
1716851750.473229 using libevent 2.1.12-stable select
1716851750.473712 using utf8proc 2.9.0
1716851750.473734 using ncurses 6.4 20221231
1716851750.473781 flags are 0x10010000
1716851750.473787 socket is /private/tmp/tmux-501/default
1716851750.473801 trying connect
1716851750.473886 add peer 0x7fc6d0031000: 6 (0x0)
1716851750.483025 sending message 100 to peer 0x7fc6d0031000 (4 bytes)
1716851750.483047 sending message 111 to peer 0x7fc6d0031000 (8 bytes)
1716851750.483053 sending message 101 to peer 0x7fc6d0031000 (16 bytes)
1716851750.483057 sending message 109 to peer 0x7fc6d0031000 (4 bytes)
1716851750.483062 sending message 102 to peer 0x7fc6d0031000 (13 bytes)
1716851750.483066 sending message 108 to peer 0x7fc6d0031000 (39 bytes)
1716851750.483070 sending message 112 to peer 0x7fc6d0031000 (70 bytes)
1716851750.483075 sending message 112 to peer 0x7fc6d0031000 (5 bytes)
1716851750.483079 sending message 112 to peer 0x7fc6d0031000 (5 bytes)
1716851750.483083 sending message 112 to peer 0x7fc6d0031000 (6 bytes)
1716851750.483088 sending message 112 to peer 0x7fc6d0031000 (6 bytes)
1716851750.483092 sending message 112 to peer 0x7fc6d0031000 (11 bytes)
1716851750.483096 sending message 112 to peer 0x7fc6d0031000 (10 bytes)
1716851750.483100 sending message 112 to peer 0x7fc6d0031000 (13 bytes)
1716851750.483104 sending message 112 to peer 0x7fc6d0031000 (13 bytes)
1716851750.483108 sending message 112 to peer 0x7fc6d0031000 (18 bytes)
1716851750.483113 sending message 112 to peer 0x7fc6d0031000 (11 bytes)
1716851750.483117 sending message 112 to peer 0x7fc6d0031000 (21 bytes)
1716851750.483121 sending message 112 to peer 0x7fc6d0031000 (13 bytes)
1716851750.483125 sending message 112 to peer 0x7fc6d0031000 (7 bytes)
1716851750.483129 sending message 112 to peer 0x7fc6d0031000 (13 bytes)
1716851750.483133 sending message 112 to peer 0x7fc6d0031000 (7 bytes)
1716851750.483137 sending message 112 to peer 0x7fc6d0031000 (13 bytes)
1716851750.483141 sending message 112 to peer 0x7fc6d0031000 (9 bytes)
1716851750.483146 sending message 112 to peer 0x7fc6d0031000 (21 bytes)
1716851750.483150 sending message 112 to peer 0x7fc6d0031000 (13 bytes)
1716851750.483154 sending message 112 to peer 0x7fc6d0031000 (8 bytes)
1716851750.483158 sending message 112 to peer 0x7fc6d0031000 (12 bytes)
1716851750.483162 sending message 112 to peer 0x7fc6d0031000 (13 bytes)
1716851750.483166 sending message 112 to peer 0x7fc6d0031000 (9 bytes)
1716851750.483170 sending message 112 to peer 0x7fc6d0031000 (9 bytes)
1716851750.483174 sending message 112 to peer 0x7fc6d0031000 (12 bytes)
1716851750.483178 sending message 112 to peer 0x7fc6d0031000 (8 bytes)
1716851750.483182 sending message 112 to peer 0x7fc6d0031000 (7 bytes)
1716851750.483186 sending message 112 to peer 0x7fc6d0031000 (7 bytes)
1716851750.483190 sending message 112 to peer 0x7fc6d0031000 (9 bytes)
1716851750.483194 sending message 112 to peer 0x7fc6d0031000 (13 bytes)
1716851750.483199 sending message 112 to peer 0x7fc6d0031000 (9 bytes)
1716851750.483203 sending message 112 to peer 0x7fc6d0031000 (15 bytes)
1716851750.483207 sending message 112 to peer 0x7fc6d0031000 (13 bytes)
1716851750.483211 sending message 112 to peer 0x7fc6d0031000 (12 bytes)
1716851750.483215 sending message 112 to peer 0x7fc6d0031000 (8 bytes)
1716851750.483219 sending message 112 to peer 0x7fc6d0031000 (14 bytes)
1716851750.483223 sending message 112 to peer 0x7fc6d0031000 (9 bytes)
1716851750.483227 sending message 112 to peer 0x7fc6d0031000 (10 bytes)
1716851750.483231 sending message 112 to peer 0x7fc6d0031000 (10 bytes)
1716851750.483235 sending message 112 to peer 0x7fc6d0031000 (10 bytes)
1716851750.483239 sending message 112 to peer 0x7fc6d0031000 (10 bytes)
1716851750.483243 sending message 112 to peer 0x7fc6d0031000 (11 bytes)
1716851750.483247 sending message 112 to peer 0x7fc6d0031000 (10 bytes)
1716851750.483254 sending message 112 to peer 0x7fc6d0031000 (8 bytes)
1716851750.483258 sending message 112 to peer 0x7fc6d0031000 (11 bytes)
1716851750.483262 sending message 112 to peer 0x7fc6d0031000 (11 bytes)
1716851750.483266 sending message 112 to peer 0x7fc6d0031000 (11 bytes)
1716851750.483270 sending message 112 to peer 0x7fc6d0031000 (8 bytes)
1716851750.483274 sending message 112 to peer 0x7fc6d0031000 (8 bytes)
1716851750.483278 sending message 112 to peer 0x7fc6d0031000 (8 bytes)
1716851750.483282 sending message 112 to peer 0x7fc6d0031000 (10 bytes)
1716851750.483286 sending message 112 to peer 0x7fc6d0031000 (10 bytes)
1716851750.483291 sending message 112 to peer 0x7fc6d0031000 (10 bytes)
1716851750.483295 sending message 112 to peer 0x7fc6d0031000 (10 bytes)
1716851750.483299 sending message 112 to peer 0x7fc6d0031000 (10 bytes)
1716851750.483303 sending message 112 to peer 0x7fc6d0031000 (11 bytes)
1716851750.483311 sending message 112 to peer 0x7fc6d0031000 (11 bytes)
1716851750.483315 sending message 112 to peer 0x7fc6d0031000 (10 bytes)
1716851750.483319 sending message 112 to peer 0x7fc6d0031000 (9 bytes)
1716851750.483323 sending message 112 to peer 0x7fc6d0031000 (9 bytes)
1716851750.483327 sending message 112 to peer 0x7fc6d0031000 (12 bytes)
1716851750.483331 sending message 112 to peer 0x7fc6d0031000 (9 bytes)
1716851750.483335 sending message 112 to peer 0x7fc6d0031000 (6 bytes)
1716851750.483340 sending message 112 to peer 0x7fc6d0031000 (13 bytes)
1716851750.483344 sending message 112 to peer 0x7fc6d0031000 (8 bytes)
1716851750.483348 sending message 112 to peer 0x7fc6d0031000 (15 bytes)
1716851750.483352 sending message 112 to peer 0x7fc6d0031000 (13 bytes)
1716851750.483356 sending message 112 to peer 0x7fc6d0031000 (70 bytes)
1716851750.483360 sending message 112 to peer 0x7fc6d0031000 (69 bytes)
1716851750.483364 sending message 112 to peer 0x7fc6d0031000 (10 bytes)
1716851750.483368 sending message 112 to peer 0x7fc6d0031000 (8 bytes)
1716851750.483372 sending message 112 to peer 0x7fc6d0031000 (15 bytes)
1716851750.483376 sending message 112 to peer 0x7fc6d0031000 (13 bytes)
1716851750.483380 sending message 112 to peer 0x7fc6d0031000 (10 bytes)
1716851750.483384 sending message 112 to peer 0x7fc6d0031000 (10 bytes)
1716851750.483388 sending message 112 to peer 0x7fc6d0031000 (5 bytes)
1716851750.483392 sending message 112 to peer 0x7fc6d0031000 (15 bytes)
1716851750.483398 sending message 104 to peer 0x7fc6d0031000 (0 bytes)
1716851750.483404 sending message 110 to peer 0x7fc6d0031000 (0 bytes)
1716851750.483408 sending message 107 to peer 0x7fc6d0031000 (4 bytes)
1716851750.483412 sending message 105 to peer 0x7fc6d0031000 (15 bytes)
1716851750.483417 sending message 105 to peer 0x7fc6d0031000 (20 bytes)
1716851750.483421 sending message 105 to peer 0x7fc6d0031000 (22 bytes)
1716851750.483425 sending message 105 to peer 0x7fc6d0031000 (75 bytes)
1716851750.483429 sending message 105 to peer 0x7fc6d0031000 (12 bytes)
1716851750.483433 sending message 105 to peer 0x7fc6d0031000 (50 bytes)
1716851750.483437 sending message 105 to peer 0x7fc6d0031000 (116 bytes)
1716851750.483441 sending message 105 to peer 0x7fc6d0031000 (23 bytes)
1716851750.483445 sending message 105 to peer 0x7fc6d0031000 (18 bytes)
1716851750.483449 sending message 105 to peer 0x7fc6d0031000 (61 bytes)
1716851750.483453 sending message 105 to peer 0x7fc6d0031000 (17 bytes)
1716851750.483457 sending message 105 to peer 0x7fc6d0031000 (19 bytes)
1716851750.483461 sending message 105 to peer 0x7fc6d0031000 (27 bytes)
1716851750.483466 sending message 105 to peer 0x7fc6d0031000 (129 bytes)
1716851750.483469 sending message 105 to peer 0x7fc6d0031000 (19 bytes)
1716851750.483474 sending message 105 to peer 0x7fc6d0031000 (32 bytes)
1716851750.483478 sending message 105 to peer 0x7fc6d0031000 (54 bytes)
1716851750.483482 sending message 105 to peer 0x7fc6d0031000 (41 bytes)
1716851750.483486 sending message 105 to peer 0x7fc6d0031000 (123 bytes)
1716851750.483490 sending message 105 to peer 0x7fc6d0031000 (31 bytes)
1716851750.483507 sending message 105 to peer 0x7fc6d0031000 (36 bytes)
1716851750.483512 sending message 105 to peer 0x7fc6d0031000 (12 bytes)
1716851750.483516 sending message 105 to peer 0x7fc6d0031000 (11 bytes)
1716851750.483520 sending message 105 to peer 0x7fc6d0031000 (750 bytes)
1716851750.483525 sending message 105 to peer 0x7fc6d0031000 (43 bytes)
1716851750.483529 sending message 105 to peer 0x7fc6d0031000 (16 bytes)
1716851750.483533 sending message 105 to peer 0x7fc6d0031000 (24 bytes)
1716851750.483537 sending message 105 to peer 0x7fc6d0031000 (15 bytes)
1716851750.483542 sending message 105 to peer 0x7fc6d0031000 (8 bytes)
1716851750.483546 sending message 105 to peer 0x7fc6d0031000 (66 bytes)
1716851750.483550 sending message 105 to peer 0x7fc6d0031000 (21 bytes)
1716851750.483554 sending message 105 to peer 0x7fc6d0031000 (18 bytes)
1716851750.483558 sending message 105 to peer 0x7fc6d0031000 (25 bytes)
1716851750.483562 sending message 105 to peer 0x7fc6d0031000 (60 bytes)
1716851750.483566 sending message 105 to peer 0x7fc6d0031000 (57 bytes)
1716851750.483570 sending message 105 to peer 0x7fc6d0031000 (42 bytes)
1716851750.483578 sending message 105 to peer 0x7fc6d0031000 (13 bytes)
1716851750.483582 sending message 105 to peer 0x7fc6d0031000 (16 bytes)
1716851750.483586 sending message 105 to peer 0x7fc6d0031000 (14 bytes)
1716851750.483590 sending message 105 to peer 0x7fc6d0031000 (19 bytes)
1716851750.483595 sending message 105 to peer 0x7fc6d0031000 (23 bytes)
1716851750.483599 sending message 105 to peer 0x7fc6d0031000 (26 bytes)
1716851750.483603 sending message 105 to peer 0x7fc6d0031000 (22 bytes)
1716851750.483607 sending message 105 to peer 0x7fc6d0031000 (43 bytes)
1716851750.483611 sending message 105 to peer 0x7fc6d0031000 (32 bytes)
1716851750.483615 sending message 105 to peer 0x7fc6d0031000 (10 bytes)
1716851750.483619 sending message 105 to peer 0x7fc6d0031000 (22 bytes)
1716851750.483623 sending message 106 to peer 0x7fc6d0031000 (0 bytes)
1716851750.483696 sending message 200 to peer 0x7fc6d0031000 (4 bytes)
1716851750.483703 client loop enter
1716851750.484404 peer 0x7fc6d0031000 message 303
1716851750.484426 open write file 2 -
1716851750.484464 sending message 305 to peer 0x7fc6d0031000 (8 bytes)
1716851750.484502 write check file 2
1716851750.484639 peer 0x7fc6d0031000 message 304
1716851750.484679 write 58 to file 2
1716851750.484715 peer 0x7fc6d0031000 message 203
1716851750.484726 file 2 58 bytes left
1716851750.484747 write check file 2
1716851750.484753 client loop exit
